<?xml version="1.0" encoding="UTF-8" ?>
<testsuite errors="0" failures="0" hostname="NWPCD084" name="frameWork.base.AllTests" tests="24" time="0.116" timestamp="2014-05-29T08:26:17">
  <properties>
    <property name="java.vendor" value="Oracle Corporation" />
    <property name="result.exec.file" value="C:\Users\t-setani\git\sitoRepository\MyProject\target\jacoco.exec" />
    <property name="sun.java.launcher" value="SUN_STANDARD" />
    <property name="eclipse.pdebuild.templates" value="/C:/Program Files (x86)/eclipse/eclipse/plugins/org.eclipse.pde.build_3.8.2.v20121114-140810/templates/" />
    <property name="result.test.dir" value="C:\Users\t-setani\git\sitoRepository\MyProject\target\test" />
    <property name="sun.management.compiler" value="HotSpot Client Compiler" />
    <property name="os.name" value="Windows 7" />
    <property name="sun.boot.class.path" value="C:\Program Files (x86)\eclipse\java\7\lib\resources.jar;C:\Program Files (x86)\eclipse\java\7\lib\rt.jar;C:\Program Files (x86)\eclipse\java\7\lib\sunrsasign.jar;C:\Program Files (x86)\eclipse\java\7\lib\jsse.jar;C:\Program Files (x86)\eclipse\java\7\lib\jce.jar;C:\Program Files (x86)\eclipse\java\7\lib\charsets.jar;C:\Program Files (x86)\eclipse\java\7\lib\jfr.jar;C:\Program Files (x86)\eclipse\java\7\classes" />
    <property name="TODAY" value="May 29 2014" />
    <property name="result.test.class.dir" value="C:\Users\t-setani\git\sitoRepository\MyProject\target\test\classes" />
    <property name="sun.desktop" value="windows" />
    <property name="java.vm.specification.vendor" value="Oracle Corporation" />
    <property name="ant.home" value="C:\Program Files (x86)\eclipse\eclipse\plugins\org.apache.ant_1.8.3.v201301120609" />
    <property name="jar.dir" value="C:\Users\t-setani\git\sitoRepository\MyProject\installer\frameWork\architect\jar" />
    <property name="java.runtime.version" value="1.7.0_15-b03" />
    <property name="user.name" value="t-setani" />
    <property name="user.language" value="ja" />
    <property name="sun.boot.library.path" value="C:\Program Files (x86)\eclipse\java\7\bin" />
    <property name="ant.project.default-target" value="rebuild" />
    <property name="NOW" value="20140529172613" />
    <property name="ant.project.name" value="Example Ant Build with JaCoCo" />
    <property name="DSTAMP" value="20140529" />
    <property name="java.version" value="1.7.0_15" />
    <property name="user.timezone" value="" />
    <property name="sun.arch.data.model" value="32" />
    <property name="java.endorsed.dirs" value="C:\Program Files (x86)\eclipse\java\7\lib\endorsed" />
    <property name="sun.cpu.isalist" value="pentium_pro+mmx pentium_pro pentium+mmx pentium i486 i386 i86" />
    <property name="sun.jnu.encoding" value="MS932" />
    <property name="file.encoding.pkg" value="sun.io" />
    <property name="file.separator" value="\" />
    <property name="java.specification.name" value="Java Platform API Specification" />
    <property name="java.class.version" value="51.0" />
    <property name="user.country" value="JP" />
    <property name="ant.file.type.Example Ant Build with JaCoCo" value="file" />
    <property name="java.home" value="C:\Program Files (x86)\eclipse\java\7" />
    <property name="java.vm.info" value="mixed mode" />
    <property name="ant.file" value="C:\Users\t-setani\git\sitoRepository\MyProject\build.xml" />
    <property name="os.version" value="6.1" />
    <property name="result.report.dir" value="C:\Users\t-setani\git\sitoRepository\MyProject\target\jacoco" />
    <property name="path.separator" value=";" />
    <property name="java.vm.version" value="23.7-b01" />
    <property name="user.variant" value="" />
    <property name="ant.library.dir" value="C:\Program Files (x86)\eclipse\eclipse\plugins\org.apache.ant_1.8.3.v201301120609\lib" />
    <property name="result.classes.dir" value="C:\Users\t-setani\git\sitoRepository\MyProject\target\classes" />
    <property name="java.awt.printerjob" value="sun.awt.windows.WPrinterJob" />
    <property name="sun.io.unicode.encoding" value="UnicodeLittle" />
    <property name="awt.toolkit" value="sun.awt.windows.WToolkit" />
    <property name="_jacoco.agentFile" value="C:\Users\t-setani\AppData\Local\Temp\jacocoagent5015063020158592892.jar" />
    <property name="user.script" value="" />
    <property name="eclipse.pdebuild.scripts" value="/C:/Program Files (x86)/eclipse/eclipse/plugins/org.eclipse.pde.build_3.8.2.v20121114-140810/scripts/" />
    <property name="user.home" value="C:\Users\t-setani" />
    <property name="java.specification.vendor" value="Oracle Corporation" />
    <property name="java.library.path" value="C:\Program Files (x86)\eclipse\java\7\bin;C:\Windows\Sun\Java\bin;C:\Windows\system32;C:\Windows;C:/Program Files (x86)/eclipse/eclipse/jre/bin/client;C:/Program Files (x86)/eclipse/eclipse/jre/bin;C:/Program Files (x86)/eclipse/eclipse/jre/lib/i386;C:\Program Files (x86)\Intel\iCLS Client\;C:\Program Files\Intel\iCLS Client\;C:\Program Files\Common Files\Microsoft Shared\Windows Live;C:\Program Files (x86)\Common Files\Microsoft Shared\Windows Live;C:\Windows\system32;C:\Windows;C:\Windows\System32\Wbem;C:\Windows\System32\WindowsPowerShell\v1.0\;C:\Program Files (x86)\Windows Live\Shared;C:\Program Files\Intel\Intel(R) Management Engine Components\DAL;C:\Program Files\Intel\Intel(R) Management Engine Components\IPT;C:\Program Files (x86)\Intel\Intel(R) Management Engine Components\DAL;C:\Program Files (x86)\Intel\Intel(R) Management Engine Components\IPT;C:\Program Files (x86)\Intel\OpenCL SDK\2.0\bin\x86;C:\Program Files (x86)\Intel\OpenCL SDK\2.0\bin\x64;C:\Program Files (x86)\Java\jdk1.7.0_17\bin;C:\Program Files (x86)\Subversion\bin;C:\Program Files (x86)\PHP;c:\Program Files (x86)\Microsoft SQL Server\100\Tools\Binn\;c:\Program Files\Microsoft SQL Server\100\Tools\Binn\;c:\Program Files\Microsoft SQL Server\100\DTS\Binn\;c:\Program Files (x86)\Microsoft ASP.NET\ASP.NET Web Pages\v1.0\;C:\Program Files\Microsoft SQL Server\110\Tools\Binn\;C:\Program Files (x86)\MySQL\MySQL Server 5.6\bin\;C:\Program Files\Microsoft\Web Platform Installer\;C:\Program Files (x86)\Windows Kits\8.0\Windows Performance Toolkit\;C:\Program Files (x86)\eclipse\eclipse;;." />
    <property name="java.vendor.url" value="http://java.oracle.com/" />
    <property name="java.vm.vendor" value="Oracle Corporation" />
    <property name="java.runtime.name" value="Java(TM) SE Runtime Environment" />
    <property name="sun.java.command" value="org.apache.tools.ant.taskdefs.optional.junit.JUnitTestRunner frameWork.base.AllTests filtertrace=true haltOnError=false haltOnFailure=false showoutput=false outputtoformatters=true logfailedtests=true logtestlistenerevents=false formatter=org.apache.tools.ant.taskdefs.optional.junit.XMLJUnitResultFormatter,C:\Users\t-setani\git\sitoRepository\MyProject\manager\frameWork\architect\TEST-frameWork.base.AllTests.xml crashfile=C:\Users\t-setani\git\sitoRepository\MyProject\junitvmwatcher2188316356697043048.properties propsfile=C:\Users\t-setani\git\sitoRepository\MyProject\junit1994185711677795471.properties" />
    <property name="java.class.path" value="C:\Users\t-setani\git\sitoRepository\MyProject\target\test\classes;C:\Users\t-setani\git\sitoRepository\MyProject\installer\frameWork\architect\jar\asm-5.0.3.jar;C:\Users\t-setani\git\sitoRepository\MyProject\installer\frameWork\architect\jar\asm-analysis-5.0.3.jar;C:\Users\t-setani\git\sitoRepository\MyProject\installer\frameWork\architect\jar\asm-commons-5.0.3.jar;C:\Users\t-setani\git\sitoRepository\MyProject\installer\frameWork\architect\jar\asm-util-5.0.3.jar;C:\Users\t-setani\git\sitoRepository\MyProject\installer\frameWork\architect\jar\asm-xml-5.0.3.jar;C:\Users\t-setani\git\sitoRepository\MyProject\installer\frameWork\architect\jar\commons-fileupload-1.3.1.jar;C:\Users\t-setani\git\sitoRepository\MyProject\installer\frameWork\architect\jar\framework.jar;C:\Users\t-setani\git\sitoRepository\MyProject\installer\frameWork\architect\jar\hamcrest-core-1.3.jar;C:\Users\t-setani\git\sitoRepository\MyProject\installer\frameWork\architect\jar\icu4j-2.6.1.jar;C:\Users\t-setani\git\sitoRepository\MyProject\installer\frameWork\architect\jar\jacocoagent.jar;C:\Users\t-setani\git\sitoRepository\MyProject\installer\frameWork\architect\jar\jacocoant.jar;C:\Users\t-setani\git\sitoRepository\MyProject\installer\frameWork\architect\jar\jetty-all-9.1.3.v20140225.jar;C:\Users\t-setani\git\sitoRepository\MyProject\installer\frameWork\architect\jar\junit-4.11.jar;C:\Users\t-setani\git\sitoRepository\MyProject\installer\frameWork\architect\jar\mail.jar;C:\Users\t-setani\git\sitoRepository\MyProject\installer\frameWork\architect\jar\org.jacoco.agent-0.7.1.201405082137.jar;C:\Users\t-setani\git\sitoRepository\MyProject\installer\frameWork\architect\jar\org.jacoco.ant-0.7.1.201405082137.jar;C:\Users\t-setani\git\sitoRepository\MyProject\installer\frameWork\architect\jar\org.jacoco.core-0.7.1.201405082137.jar;C:\Users\t-setani\git\sitoRepository\MyProject\installer\frameWork\architect\jar\org.jacoco.report-0.7.1.201405082137.jar;C:\Users\t-setani\git\sitoRepository\MyProject\installer\frameWork\architect\jar\poi-3.9-20121203.jar;C:\Users\t-setani\git\sitoRepository\MyProject\installer\frameWork\architect\jar\servlet-api-3.1.jar;C:\Users\t-setani\git\sitoRepository\MyProject\installer\frameWork\architect\jar\sqlite-jdbc-3.7.2.jar;C:\Program Files (x86)\eclipse\eclipse\plugins\org.apache.ant_1.8.3.v201301120609\lib\ant-launcher.jar;C:\Program Files (x86)\eclipse\eclipse\plugins\org.apache.ant_1.8.3.v201301120609\lib\ant.jar;C:\Program Files (x86)\eclipse\eclipse\plugins\org.apache.ant_1.8.3.v201301120609\lib\ant-junit.jar;C:\Program Files (x86)\eclipse\eclipse\plugins\org.apache.ant_1.8.3.v201301120609\lib\ant-junit4.jar;C:\Users\t-setani\AppData\Local\Temp\jacocoagent5015063020158592892.jar" />
    <property name="ant.version" value="Apache Ant(TM) version 1.8.3 compiled on February 26 2012" />
    <property name="TSTAMP" value="1726" />
    <property name="java.vm.specification.name" value="Java Virtual Machine Specification" />
    <property name="java.vm.specification.version" value="1.7" />
    <property name="sun.cpu.endian" value="little" />
    <property name="sun.os.patch.level" value="Service Pack 1" />
    <property name="eclipse.pdebuild.home" value="/C:/Program Files (x86)/eclipse/eclipse/plugins/org.eclipse.pde.build_3.8.2.v20121114-140810/./" />
    <property name="java.io.tmpdir" value="C:\Users\t-setani\AppData\Local\Temp\" />
    <property name="java.vendor.url.bug" value="http://bugreport.sun.com/bugreport/" />
    <property name="architect.dir" value="C:\Users\t-setani\git\sitoRepository\MyProject\manager\frameWork\architect" />
    <property name="os.arch" value="x86" />
    <property name="java.awt.graphicsenv" value="sun.awt.Win32GraphicsEnvironment" />
    <property name="java.ext.dirs" value="C:\Program Files (x86)\eclipse\java\7\lib\ext;C:\Windows\Sun\Java\lib\ext" />
    <property name="user.dir" value="C:\Users\t-setani\git\sitoRepository\MyProject" />
    <property name="ant.file.Example Ant Build with JaCoCo" value="C:\Users\t-setani\git\sitoRepository\MyProject\build.xml" />
    <property name="line.separator" value="&#xd;&#xa;" />
    <property name="java.vm.name" value="Java HotSpot(TM) Client VM" />
    <property name="result.dir" value="C:\Users\t-setani\git\sitoRepository\MyProject\target" />
    <property name="basedir" value="C:\Users\t-setani\git\sitoRepository\MyProject" />
    <property name="ant.java.version" value="1.7" />
    <property name="ant.core.lib" value="C:\Program Files (x86)\eclipse\eclipse\plugins\org.apache.ant_1.8.3.v201301120609\lib\ant.jar" />
    <property name="file.encoding" value="MS932" />
    <property name="filelist" value="C:\Users\t-setani\git\sitoRepository\MyProject\lib\asm-5.0.3.jar&#xa;C:\Users\t-setani\git\sitoRepository\MyProject\lib\asm-analysis-5.0.3.jar&#xa;C:\Users\t-setani\git\sitoRepository\MyProject\lib\asm-commons-5.0.3.jar&#xa;C:\Users\t-setani\git\sitoRepository\MyProject\lib\asm-util-5.0.3.jar&#xa;C:\Users\t-setani\git\sitoRepository\MyProject\lib\asm-xml-5.0.3.jar&#xa;C:\Users\t-setani\git\sitoRepository\MyProject\lib\commons-fileupload-1.3.1.jar&#xa;C:\Users\t-setani\git\sitoRepository\MyProject\lib\hamcrest-core-1.3.jar&#xa;C:\Users\t-setani\git\sitoRepository\MyProject\lib\icu4j-2.6.1.jar&#xa;C:\Users\t-setani\git\sitoRepository\MyProject\lib\jacocoagent.jar&#xa;C:\Users\t-setani\git\sitoRepository\MyProject\lib\jacocoant.jar&#xa;C:\Users\t-setani\git\sitoRepository\MyProject\lib\jetty-all-9.1.3.v20140225.jar&#xa;C:\Users\t-setani\git\sitoRepository\MyProject\lib\junit-4.11.jar&#xa;C:\Users\t-setani\git\sitoRepository\MyProject\lib\mail.jar&#xa;C:\Users\t-setani\git\sitoRepository\MyProject\lib\org.jacoco.agent-0.7.1.201405082137.jar&#xa;C:\Users\t-setani\git\sitoRepository\MyProject\lib\org.jacoco.ant-0.7.1.201405082137.jar&#xa;C:\Users\t-setani\git\sitoRepository\MyProject\lib\org.jacoco.core-0.7.1.201405082137.jar&#xa;C:\Users\t-setani\git\sitoRepository\MyProject\lib\org.jacoco.report-0.7.1.201405082137.jar&#xa;C:\Users\t-setani\git\sitoRepository\MyProject\lib\poi-3.9-20121203.jar&#xa;C:\Users\t-setani\git\sitoRepository\MyProject\lib\servlet-api-3.1.jar&#xa;C:\Users\t-setani\git\sitoRepository\MyProject\lib\sqlite-jdbc-3.7.2.jar" />
    <property name="java.specification.version" value="1.7" />
    <property name="src.dir" value="C:\Users\t-setani\git\sitoRepository\MyProject\src" />
    <property name="ant.project.invoked-targets" value="rebuild" />
  </properties>
  <testcase classname="frameWork.base.core.binder.BinderTest" name="bind" time="0.005" />
  <testcase classname="frameWork.base.core.routing.TargetFilterTest" name="isNull" time="0.006" />
  <testcase classname="frameWork.base.core.authority.AuthorityTest" name="test" time="0.004" />
  <testcase classname="frameWork.base.core.authority.AuthorityCheckerTest" name="checkTest1" time="0.005" />
  <testcase classname="frameWork.base.core.binder.BinderTest" name="getFieldValue" time="0.002" />
  <testcase classname="frameWork.base.core.routing.TargetFilterTest" name="hasExtend" time="0.0" />
  <testcase classname="frameWork.base.core.routing.TargetFilterTest" name="isNormal" time="0.0" />
  <testcase classname="frameWork.base.core.routing.TargetFilterTest" name="hasPackage" time="0.0" />
  <testcase classname="frameWork.base.core.authority.AuthorityCheckerTest" name="checkTest2" time="0.004" />
  <testcase classname="frameWork.base.core.routing.TargetFilterTest" name="isIllegal" time="0.0" />
  <testcase classname="frameWork.base.core.authority.AuthorityCheckerTest" name="checkTest3" time="0.001" />
  <testcase classname="frameWork.base.core.routing.TargetFilterTest" name="isEmpty" time="0.0" />
  <testcase classname="frameWork.base.core.authority.AuthorityCheckerTest" name="checkTest4" time="0.001" />
  <testcase classname="frameWork.base.core.authority.AuthorityCheckerTest" name="checkTest5" time="0.001" />
  <testcase classname="frameWork.base.core.authority.AuthorityCheckerTest" name="checkTest6" time="0.0" />
  <testcase classname="frameWork.base.core.authority.AuthorityCheckerTest" name="checkTest7" time="0.001" />
  <testcase classname="frameWork.base.core.authority.AuthorityCheckerTest" name="checkTest" time="0.0" />
  <testcase classname="frameWork.base.core.fileSystem.FileSystemTest" name="exists" time="0.031" />
  <testcase classname="frameWork.base.core.fileSystem.FileSystemTest" name="isDirectory" time="0.0" />
  <testcase classname="frameWork.base.core.fileSystem.FileSystemTest" name="isNotFile" time="0.0" />
  <testcase classname="frameWork.base.barcode.BarcodeTest" name="getBarcodeFontTest1" time="0.049" />
  <testcase classname="frameWork.base.barcode.BarcodeTest" name="getBarcodeFontTest2" time="0.001" />
  <testcase classname="frameWork.base.barcode.BarcodeTest" name="createBarcodeTest1" time="0.0" />
  <testcase classname="frameWork.base.barcode.BarcodeTest" name="createBarcodeTest2" time="0.0" />
  <system-out><![CDATA[]]></system-out>
  <system-err><![CDATA[]]></system-err>
</testsuite>
